[06-Jan-2025 20:46:10] WARNING: [pool www] server reached pm.max_children setting (10), consider raising it
[10-Jan-2025 15:45:26] WARNING: [pool www] server reached pm.max_children setting (10), consider raising it
[16-Jan-2025 19:58:48] WARNING: [pool www] server reached pm.max_children setting (10), consider raising it
[17-Jan-2025 20:45:04] WARNING: [pool www] server reached pm.max_children setting (10), consider raising it
[17-Jan-2025 21:39:43] WARNING: [pool www] server reached pm.max_children setting (10), consider raising it
[17-Jan-2025 22:07:37] WARNING: [pool www] server reached pm.max_children setting (10), consider raising it
[17-Jan-2025 23:15:53] WARNING: [pool www] server reached pm.max_children setting (10), consider raising it
[18-Jan-2025 02:11:08] WARNING: [pool www] server reached pm.max_children setting (10), consider raising it
[18-Jan-2025 03:13:14] WARNING: [pool www] server reached pm.max_children setting (10), consider raising it
[18-Jan-2025 15:41:18] WARNING: [pool www] server reached pm.max_children setting (10), consider raising it
[20-Jan-2025 17:19:33] WARNING: [pool www] server reached pm.max_children setting (10), consider raising it
[22-Jan-2025 14:05:37] WARNING: [pool www] server reached pm.max_children setting (10), consider raising it
[23-Jan-2025 22:05:27] WARNING: [pool www] server reached pm.max_children setting (10), consider raising it
[23-Jan-2025 23:08:34] WARNING: [pool www] server reached pm.max_children setting (10), consider raising it
[23-Jan-2025 23:22:49] WARNING: [pool www] server reached pm.max_children setting (10), consider raising it
[24-Jan-2025 19:48:16] WARNING: [pool www] server reached pm.max_children setting (10), consider raising it
[24-Jan-2025 21:16:05] WARNING: [pool www] server reached pm.max_children setting (10), consider raising it
[27-Jan-2025 16:16:38] WARNING: [pool www] server reached pm.max_children setting (10), consider raising it
[27-Jan-2025 22:39:06] WARNING: [pool www] server reached pm.max_children setting (10), consider raising it
[28-Jan-2025 00:16:23] WARNING: [pool www] server reached pm.max_children setting (10), consider raising it
[28-Jan-2025 02:20:34] WARNING: [pool www] server reached pm.max_children setting (10), consider raising it
[28-Jan-2025 17:32:45] WARNING: [pool www] server reached pm.max_children setting (10), consider raising it
[03-Feb-2025 19:40:28] WARNING: [pool www] server reached pm.max_children setting (10), consider raising it
[06-Feb-2025 15:16:13] WARNING: [pool www] server reached pm.max_children setting (10), consider raising it
[17-Feb-2025 16:21:58] WARNING: [pool www] server reached pm.max_children setting (10), consider raising it
[17-Feb-2025 20:50:00] WARNING: [pool www] server reached pm.max_children setting (10), consider raising it
[20-Feb-2025 16:09:43] WARNING: [pool www] server reached pm.max_children setting (10), consider raising it
[12-Mar-2025 20:26:58] WARNING: [pool www] server reached pm.max_children setting (10), consider raising it
[17-Mar-2025 22:08:40] WARNING: [pool www] server reached pm.max_children setting (10), consider raising it
[20-Mar-2025 17:44:39] WARNING: [pool www] server reached pm.max_children setting (10), consider raising it
[20-Mar-2025 18:34:03] WARNING: [pool www] server reached pm.max_children setting (10), consider raising it
[20-Mar-2025 19:44:39] WARNING: [pool www] server reached pm.max_children setting (10), consider raising it
[20-Mar-2025 19:52:34] WARNING: [pool www] server reached pm.max_children setting (10), consider raising it
[21-Mar-2025 16:38:58] WARNING: [pool www] server reached pm.max_children setting (10), consider raising it
[26-Mar-2025 12:55:34] WARNING: [pool www] server reached pm.max_children setting (10), consider raising it
[31-Mar-2025 19:19:21] WARNING: [pool www] server reached pm.max_children setting (10), consider raising it
[02-Apr-2025 14:55:09] WARNING: [pool www] server reached pm.max_children setting (10), consider raising it
[03-Apr-2025 16:49:56] WARNING: [pool www] server reached pm.max_children setting (10), consider raising it
[06-Apr-2025 13:22:18] WARNING: [pool www] server reached pm.max_children setting (10), consider raising it
[14-Apr-2025 14:41:12] WARNING: [pool www] server reached pm.max_children setting (10), consider raising it
[14-Apr-2025 19:45:47] WARNING: [pool www] server reached pm.max_children setting (10), consider raising it
[14-Apr-2025 20:59:38] WARNING: [pool www] server reached pm.max_children setting (10), consider raising it
[14-Apr-2025 21:34:16] WARNING: [pool www] server reached pm.max_children setting (10), consider raising it
[14-Apr-2025 22:14:19] WARNING: [pool www] server reached pm.max_children setting (10), consider raising it
[16-Apr-2025 15:07:11] WARNING: [pool www] server reached pm.max_children setting (10), consider raising it
[20-May-2025 18:56:30] WARNING: [pool www] server reached pm.max_children setting (10), consider raising it
[30-May-2025 14:00:43] WARNING: [pool www] server reached pm.max_children setting (10), consider raising it
[09-Jun-2025 13:10:47] WARNING: [pool www] server reached pm.max_children setting (10), consider raising it
[24-Jul-2025 21:52:41] WARNING: [pool www] server reached pm.max_children setting (10), consider raising it
[20-Aug-2025 16:27:34] WARNING: [pool www] server reached pm.max_children setting (10), consider raising it
[20-Aug-2025 16:46:09] WARNING: [pool www] server reached pm.max_children setting (10), consider raising it
[20-Aug-2025 17:18:41] WARNING: [pool www] server reached pm.max_children setting (10), consider raising it
[20-Aug-2025 18:24:46] WARNING: [pool www] server reached pm.max_children setting (10), consider raising it
[20-Aug-2025 20:28:33] WARNING: [pool www] server reached pm.max_children setting (10), consider raising it
[20-Aug-2025 21:24:03] WARNING: [pool www] server reached pm.max_children setting (10), consider raising it
[20-Aug-2025 21:30:11] WARNING: [pool www] server reached pm.max_children setting (10), consider raising it
[20-Aug-2025 21:54:07] WARNING: [pool www] server reached pm.max_children setting (10), consider raising it
[21-Aug-2025 13:23:40] WARNING: [pool www] server reached pm.max_children setting (10), consider raising it
[21-Aug-2025 14:00:56] WARNING: [pool www] server reached pm.max_children setting (10), consider raising it
[21-Aug-2025 14:08:54] WARNING: [pool www] server reached pm.max_children setting (10), consider raising it
[21-Aug-2025 15:52:24] WARNING: [pool www] server reached pm.max_children setting (10), consider raising it
[21-Aug-2025 17:25:03] WARNING: [pool www] server reached pm.max_children setting (10), consider raising it
[21-Aug-2025 21:39:14] WARNING: [pool www] server reached pm.max_children setting (10), consider raising it
[21-Aug-2025 21:58:59] WARNING: [pool www] server reached pm.max_children setting (10), consider raising it
[22-Aug-2025 14:48:22] WARNING: [pool www] server reached pm.max_children setting (10), consider raising it
